<?xml version="1.0" encoding="UTF-8"?>
<!-- Generated by org.testng.reporters.JUnitReportReporter -->
<testsuite hostname="JagrathShetty" failures="0" tests="1" name="register.TC_DWS_002_Test" time="0.008" errors="0" timestamp="2024-05-09T16:46:07 IST" skipped="0">
  <testcase classname="register.TC_DWS_002_Test" name="demo" time="0.008"/>
  <system-out/>
</testsuite> <!-- register.TC_DWS_002_Test -->
