<?xml version="1.0" encoding="UTF-8"?>
<!-- Generated by org.testng.reporters.JUnitReportReporter -->
<testsuite hostname="JagrathShetty" failures="0" tests="1" name="register.TC_DWS_001_Test" time="0.729" errors="0" timestamp="2024-05-09T16:37:39 IST" skipped="0">
  <testcase classname="register.TC_DWS_001_Test" name="demo" time="0.729"/>
  <system-out/>
</testsuite> <!-- register.TC_DWS_001_Test -->
